<?xml version="1.0" encoding="UTF-8"?>
<!-- Generated by org.testng.reporters.JUnitReportReporter -->
<testsuite hostname="KAVINESHWARAN" failures="0" tests="1" name="orange.ApiLearning" time="1.685" errors="0" timestamp="2024-04-24T13:14:42 IST" skipped="0">
  <testcase classname="orange.ApiLearning" name="checkuser" time="1.685"/>
</testsuite> <!-- orange.ApiLearning -->
